<?xml version="1.0" encoding="UTF-8"?>
<testsuite xmlns:xsi="http://www.w3.org/2001/XMLSchema-instance" xsi:noNamespaceSchemaLocation="https://maven.apache.org/surefire/maven-surefire-plugin/xsd/surefire-test-report.xsd" version="3.0.2" name="com.example.redcross.RedCrossApplicationTests" time="4.365" tests="1" errors="0" skipped="0" failures="0">
  <properties>
    <property name="java.specification.version" value="21"/>
    <property name="sun.cpu.isalist" value="amd64"/>
    <property name="sun.jnu.encoding" value="GBK"/>
    <property name="java.class.path" value="D:\DeskTop\Red Cross\Red Cross\target\test-classes;D:\DeskTop\Red Cross\Red Cross\target\classes;E:\JavaWeb\Maven\mvn-repository\org\springframework\boot\spring-boot-starter-web\3.4.2\spring-boot-starter-web-3.4.2.jar;E:\JavaWeb\Maven\mvn-repository\org\springframework\boot\spring-boot-starter\3.4.2\spring-boot-starter-3.4.2.jar;E:\JavaWeb\Maven\mvn-repository\org\springframework\boot\spring-boot\3.4.2\spring-boot-3.4.2.jar;E:\JavaWeb\Maven\mvn-repository\org\springframework\boot\spring-boot-starter-logging\3.4.2\spring-boot-starter-logging-3.4.2.jar;E:\JavaWeb\Maven\mvn-repository\ch\qos\logback\logback-classic\1.5.16\logback-classic-1.5.16.jar;E:\JavaWeb\Maven\mvn-repository\ch\qos\logback\logback-core\1.5.16\logback-core-1.5.16.jar;E:\JavaWeb\Maven\mvn-repository\org\apache\logging\log4j\log4j-to-slf4j\2.24.3\log4j-to-slf4j-2.24.3.jar;E:\JavaWeb\Maven\mvn-repository\org\apache\logging\log4j\log4j-api\2.24.3\log4j-api-2.24.3.jar;E:\JavaWeb\Maven\mvn-repository\org\slf4j\jul-to-slf4j\2.0.16\jul-to-slf4j-2.0.16.jar;E:\JavaWeb\Maven\mvn-repository\jakarta\annotation\jakarta.annotation-api\2.1.1\jakarta.annotation-api-2.1.1.jar;E:\JavaWeb\Maven\mvn-repository\org\yaml\snakeyaml\2.3\snakeyaml-2.3.jar;E:\JavaWeb\Maven\mvn-repository\org\springframework\boot\spring-boot-starter-json\3.4.2\spring-boot-starter-json-3.4.2.jar;E:\JavaWeb\Maven\mvn-repository\com\fasterxml\jackson\datatype\jackson-datatype-jdk8\2.18.2\jackson-datatype-jdk8-2.18.2.jar;E:\JavaWeb\Maven\mvn-repository\com\fasterxml\jackson\datatype\jackson-datatype-jsr310\2.18.2\jackson-datatype-jsr310-2.18.2.jar;E:\JavaWeb\Maven\mvn-repository\com\fasterxml\jackson\module\jackson-module-parameter-names\2.18.2\jackson-module-parameter-names-2.18.2.jar;E:\JavaWeb\Maven\mvn-repository\org\springframework\boot\spring-boot-starter-tomcat\3.4.2\spring-boot-starter-tomcat-3.4.2.jar;E:\JavaWeb\Maven\mvn-repository\org\apache\tomcat\embed\tomcat-embed-core\10.1.34\tomcat-embed-core-10.1.34.jar;E:\JavaWeb\Maven\mvn-repository\org\apache\tomcat\embed\tomcat-embed-el\10.1.34\tomcat-embed-el-10.1.34.jar;E:\JavaWeb\Maven\mvn-repository\org\apache\tomcat\embed\tomcat-embed-websocket\10.1.34\tomcat-embed-websocket-10.1.34.jar;E:\JavaWeb\Maven\mvn-repository\org\springframework\spring-web\6.2.2\spring-web-6.2.2.jar;E:\JavaWeb\Maven\mvn-repository\org\springframework\spring-beans\6.2.2\spring-beans-6.2.2.jar;E:\JavaWeb\Maven\mvn-repository\io\micrometer\micrometer-observation\1.14.3\micrometer-observation-1.14.3.jar;E:\JavaWeb\Maven\mvn-repository\io\micrometer\micrometer-commons\1.14.3\micrometer-commons-1.14.3.jar;E:\JavaWeb\Maven\mvn-repository\org\springframework\spring-webmvc\6.2.2\spring-webmvc-6.2.2.jar;E:\JavaWeb\Maven\mvn-repository\org\springframework\spring-context\6.2.2\spring-context-6.2.2.jar;E:\JavaWeb\Maven\mvn-repository\org\springframework\spring-expression\6.2.2\spring-expression-6.2.2.jar;E:\JavaWeb\Maven\mvn-repository\org\mybatis\spring\boot\mybatis-spring-boot-starter\3.0.4\mybatis-spring-boot-starter-3.0.4.jar;E:\JavaWeb\Maven\mvn-repository\org\springframework\boot\spring-boot-starter-jdbc\3.4.2\spring-boot-starter-jdbc-3.4.2.jar;E:\JavaWeb\Maven\mvn-repository\com\zaxxer\HikariCP\5.1.0\HikariCP-5.1.0.jar;E:\JavaWeb\Maven\mvn-repository\org\springframework\spring-jdbc\6.2.2\spring-jdbc-6.2.2.jar;E:\JavaWeb\Maven\mvn-repository\org\mybatis\spring\boot\mybatis-spring-boot-autoconfigure\3.0.4\mybatis-spring-boot-autoconfigure-3.0.4.jar;E:\JavaWeb\Maven\mvn-repository\org\mybatis\mybatis\3.5.17\mybatis-3.5.17.jar;E:\JavaWeb\Maven\mvn-repository\org\mybatis\mybatis-spring\3.0.4\mybatis-spring-3.0.4.jar;E:\JavaWeb\Maven\mvn-repository\com\baomidou\mybatis-plus-boot-starter\3.5.1\mybatis-plus-boot-starter-3.5.1.jar;E:\JavaWeb\Maven\mvn-repository\com\baomidou\mybatis-plus\3.5.1\mybatis-plus-3.5.1.jar;E:\JavaWeb\Maven\mvn-repository\com\baomidou\mybatis-plus-extension\3.5.1\mybatis-plus-extension-3.5.1.jar;E:\JavaWeb\Maven\mvn-repository\com\baomidou\mybatis-plus-core\3.5.1\mybatis-plus-core-3.5.1.jar;E:\JavaWeb\Maven\mvn-repository\com\baomidou\mybatis-plus-annotation\3.5.1\mybatis-plus-annotation-3.5.1.jar;E:\JavaWeb\Maven\mvn-repository\com\github\jsqlparser\jsqlparser\4.3\jsqlparser-4.3.jar;E:\JavaWeb\Maven\mvn-repository\org\springframework\boot\spring-boot-autoconfigure\3.4.2\spring-boot-autoconfigure-3.4.2.jar;E:\JavaWeb\Maven\mvn-repository\com\mysql\mysql-connector-j\9.1.0\mysql-connector-j-9.1.0.jar;E:\JavaWeb\Maven\mvn-repository\org\springframework\boot\spring-boot-starter-test\3.4.2\spring-boot-starter-test-3.4.2.jar;E:\JavaWeb\Maven\mvn-repository\org\springframework\boot\spring-boot-test\3.4.2\spring-boot-test-3.4.2.jar;E:\JavaWeb\Maven\mvn-repository\org\springframework\boot\spring-boot-test-autoconfigure\3.4.2\spring-boot-test-autoconfigure-3.4.2.jar;E:\JavaWeb\Maven\mvn-repository\com\jayway\jsonpath\json-path\2.9.0\json-path-2.9.0.jar;E:\JavaWeb\Maven\mvn-repository\org\slf4j\slf4j-api\2.0.16\slf4j-api-2.0.16.jar;E:\JavaWeb\Maven\mvn-repository\jakarta\xml\bind\jakarta.xml.bind-api\4.0.2\jakarta.xml.bind-api-4.0.2.jar;E:\JavaWeb\Maven\mvn-repository\jakarta\activation\jakarta.activation-api\2.1.3\jakarta.activation-api-2.1.3.jar;E:\JavaWeb\Maven\mvn-repository\net\minidev\json-smart\2.5.1\json-smart-2.5.1.jar;E:\JavaWeb\Maven\mvn-repository\net\minidev\accessors-smart\2.5.1\accessors-smart-2.5.1.jar;E:\JavaWeb\Maven\mvn-repository\org\ow2\asm\asm\9.6\asm-9.6.jar;E:\JavaWeb\Maven\mvn-repository\org\assertj\assertj-core\3.26.3\assertj-core-3.26.3.jar;E:\JavaWeb\Maven\mvn-repository\net\bytebuddy\byte-buddy\1.15.11\byte-buddy-1.15.11.jar;E:\JavaWeb\Maven\mvn-repository\org\awaitility\awaitility\4.2.2\awaitility-4.2.2.jar;E:\JavaWeb\Maven\mvn-repository\org\hamcrest\hamcrest\2.2\hamcrest-2.2.jar;E:\JavaWeb\Maven\mvn-repository\org\junit\jupiter\junit-jupiter\5.11.4\junit-jupiter-5.11.4.jar;E:\JavaWeb\Maven\mvn-repository\org\junit\jupiter\junit-jupiter-api\5.11.4\junit-jupiter-api-5.11.4.jar;E:\JavaWeb\Maven\mvn-repository\org\opentest4j\opentest4j\1.3.0\opentest4j-1.3.0.jar;E:\JavaWeb\Maven\mvn-repository\org\junit\platform\junit-platform-commons\1.11.4\junit-platform-commons-1.11.4.jar;E:\JavaWeb\Maven\mvn-repository\org\apiguardian\apiguardian-api\1.1.2\apiguardian-api-1.1.2.jar;E:\JavaWeb\Maven\mvn-repository\org\junit\jupiter\junit-jupiter-params\5.11.4\junit-jupiter-params-5.11.4.jar;E:\JavaWeb\Maven\mvn-repository\org\junit\jupiter\junit-jupiter-engine\5.11.4\junit-jupiter-engine-5.11.4.jar;E:\JavaWeb\Maven\mvn-repository\org\junit\platform\junit-platform-engine\1.11.4\junit-platform-engine-1.11.4.jar;E:\JavaWeb\Maven\mvn-repository\org\mockito\mockito-core\5.14.2\mockito-core-5.14.2.jar;E:\JavaWeb\Maven\mvn-repository\net\bytebuddy\byte-buddy-agent\1.15.11\byte-buddy-agent-1.15.11.jar;E:\JavaWeb\Maven\mvn-repository\org\objenesis\objenesis\3.3\objenesis-3.3.jar;E:\JavaWeb\Maven\mvn-repository\org\mockito\mockito-junit-jupiter\5.14.2\mockito-junit-jupiter-5.14.2.jar;E:\JavaWeb\Maven\mvn-repository\org\skyscreamer\jsonassert\1.5.3\jsonassert-1.5.3.jar;E:\JavaWeb\Maven\mvn-repository\com\vaadin\external\google\android-json\0.0.20131108.vaadin1\android-json-0.0.20131108.vaadin1.jar;E:\JavaWeb\Maven\mvn-repository\org\springframework\spring-core\6.2.2\spring-core-6.2.2.jar;E:\JavaWeb\Maven\mvn-repository\org\springframework\spring-jcl\6.2.2\spring-jcl-6.2.2.jar;E:\JavaWeb\Maven\mvn-repository\org\springframework\spring-test\6.2.2\spring-test-6.2.2.jar;E:\JavaWeb\Maven\mvn-repository\org\xmlunit\xmlunit-core\2.10.0\xmlunit-core-2.10.0.jar;E:\JavaWeb\Maven\mvn-repository\org\mybatis\spring\boot\mybatis-spring-boot-starter-test\3.0.4\mybatis-spring-boot-starter-test-3.0.4.jar;E:\JavaWeb\Maven\mvn-repository\org\mybatis\spring\boot\mybatis-spring-boot-test-autoconfigure\3.0.4\mybatis-spring-boot-test-autoconfigure-3.0.4.jar;E:\JavaWeb\Maven\mvn-repository\org\springframework\spring-tx\6.2.2\spring-tx-6.2.2.jar;E:\JavaWeb\Maven\mvn-repository\org\projectlombok\lombok\1.18.36\lombok-1.18.36.jar;E:\JavaWeb\Maven\mvn-repository\org\apache\commons\commons-lang3\3.12.0\commons-lang3-3.12.0.jar;E:\JavaWeb\Maven\mvn-repository\org\springframework\boot\spring-boot-starter-mail\3.4.2\spring-boot-starter-mail-3.4.2.jar;E:\JavaWeb\Maven\mvn-repository\org\springframework\spring-context-support\6.2.2\spring-context-support-6.2.2.jar;E:\JavaWeb\Maven\mvn-repository\org\eclipse\angus\jakarta.mail\2.0.3\jakarta.mail-2.0.3.jar;E:\JavaWeb\Maven\mvn-repository\org\eclipse\angus\angus-activation\2.0.2\angus-activation-2.0.2.jar;E:\JavaWeb\Maven\mvn-repository\org\springframework\boot\spring-boot-starter-data-redis\3.4.2\spring-boot-starter-data-redis-3.4.2.jar;E:\JavaWeb\Maven\mvn-repository\io\lettuce\lettuce-core\6.4.2.RELEASE\lettuce-core-6.4.2.RELEASE.jar;E:\JavaWeb\Maven\mvn-repository\io\netty\netty-common\4.1.117.Final\netty-common-4.1.117.Final.jar;E:\JavaWeb\Maven\mvn-repository\io\netty\netty-handler\4.1.117.Final\netty-handler-4.1.117.Final.jar;E:\JavaWeb\Maven\mvn-repository\io\netty\netty-resolver\4.1.117.Final\netty-resolver-4.1.117.Final.jar;E:\JavaWeb\Maven\mvn-repository\io\netty\netty-buffer\4.1.117.Final\netty-buffer-4.1.117.Final.jar;E:\JavaWeb\Maven\mvn-repository\io\netty\netty-transport-native-unix-common\4.1.117.Final\netty-transport-native-unix-common-4.1.117.Final.jar;E:\JavaWeb\Maven\mvn-repository\io\netty\netty-codec\4.1.117.Final\netty-codec-4.1.117.Final.jar;E:\JavaWeb\Maven\mvn-repository\io\netty\netty-transport\4.1.117.Final\netty-transport-4.1.117.Final.jar;E:\JavaWeb\Maven\mvn-repository\io\projectreactor\reactor-core\3.7.2\reactor-core-3.7.2.jar;E:\JavaWeb\Maven\mvn-repository\org\reactivestreams\reactive-streams\1.0.4\reactive-streams-1.0.4.jar;E:\JavaWeb\Maven\mvn-repository\org\springframework\data\spring-data-redis\3.4.2\spring-data-redis-3.4.2.jar;E:\JavaWeb\Maven\mvn-repository\org\springframework\data\spring-data-keyvalue\3.4.2\spring-data-keyvalue-3.4.2.jar;E:\JavaWeb\Maven\mvn-repository\org\springframework\data\spring-data-commons\3.4.2\spring-data-commons-3.4.2.jar;E:\JavaWeb\Maven\mvn-repository\org\springframework\spring-oxm\6.2.2\spring-oxm-6.2.2.jar;E:\JavaWeb\Maven\mvn-repository\com\auth0\java-jwt\3.10.3\java-jwt-3.10.3.jar;E:\JavaWeb\Maven\mvn-repository\com\fasterxml\jackson\core\jackson-databind\2.18.2\jackson-databind-2.18.2.jar;E:\JavaWeb\Maven\mvn-repository\com\fasterxml\jackson\core\jackson-annotations\2.18.2\jackson-annotations-2.18.2.jar;E:\JavaWeb\Maven\mvn-repository\com\fasterxml\jackson\core\jackson-core\2.18.2\jackson-core-2.18.2.jar;E:\JavaWeb\Maven\mvn-repository\commons-codec\commons-codec\1.17.2\commons-codec-1.17.2.jar;E:\JavaWeb\Maven\mvn-repository\cn\hutool\hutool-all\5.3.7\hutool-all-5.3.7.jar;E:\JavaWeb\Maven\mvn-repository\org\springframework\boot\spring-boot-starter-aop\3.4.2\spring-boot-starter-aop-3.4.2.jar;E:\JavaWeb\Maven\mvn-repository\org\springframework\spring-aop\6.2.2\spring-aop-6.2.2.jar;E:\JavaWeb\Maven\mvn-repository\org\aspectj\aspectjweaver\1.9.22.1\aspectjweaver-1.9.22.1.jar;"/>
    <property name="LOGBACK_ROLLINGPOLICY_MAX_FILE_SIZE" value="10485760"/>
    <property name="LOGBACK_ROLLINGPOLICY_FILE_NAME_PATTERN" value="/home/redcrossLogs/redcross-%d{yyyy-MM-dd}.%i.log"/>
    <property name="java.vm.vendor" value="Oracle Corporation"/>
    <property name="sun.arch.data.model" value="64"/>
    <property name="user.variant" value=""/>
    <property name="java.vendor.url" value="https://java.oracle.com/"/>
    <property name="user.timezone" value="Asia/Shanghai"/>
    <property name="os.name" value="Windows 10"/>
    <property name="java.vm.specification.version" value="21"/>
    <property name="APPLICATION_NAME" value="RedCross"/>
    <property name="user.country" value="CN"/>
    <property name="sun.java.launcher" value="SUN_STANDARD"/>
    <property name="sun.boot.library.path" value="C:\Program Files\Java\jdk-21.0.5\bin"/>
    <property name="sun.java.command" value="C:\Users\陈林涛\AppData\Local\Temp\surefire17980599282759590981\surefirebooter-20250419220332421_3.jar C:\Users\陈林涛\AppData\Local\Temp\surefire17980599282759590981 2025-04-19T22-03-32_274-jvmRun1 surefire-20250419220332421_1tmp surefire_0-20250419220332421_2tmp"/>
    <property name="jdk.debug" value="release"/>
    <property name="surefire.test.class.path" value="D:\DeskTop\Red Cross\Red Cross\target\test-classes;D:\DeskTop\Red Cross\Red Cross\target\classes;E:\JavaWeb\Maven\mvn-repository\org\springframework\boot\spring-boot-starter-web\3.4.2\spring-boot-starter-web-3.4.2.jar;E:\JavaWeb\Maven\mvn-repository\org\springframework\boot\spring-boot-starter\3.4.2\spring-boot-starter-3.4.2.jar;E:\JavaWeb\Maven\mvn-repository\org\springframework\boot\spring-boot\3.4.2\spring-boot-3.4.2.jar;E:\JavaWeb\Maven\mvn-repository\org\springframework\boot\spring-boot-starter-logging\3.4.2\spring-boot-starter-logging-3.4.2.jar;E:\JavaWeb\Maven\mvn-repository\ch\qos\logback\logback-classic\1.5.16\logback-classic-1.5.16.jar;E:\JavaWeb\Maven\mvn-repository\ch\qos\logback\logback-core\1.5.16\logback-core-1.5.16.jar;E:\JavaWeb\Maven\mvn-repository\org\apache\logging\log4j\log4j-to-slf4j\2.24.3\log4j-to-slf4j-2.24.3.jar;E:\JavaWeb\Maven\mvn-repository\org\apache\logging\log4j\log4j-api\2.24.3\log4j-api-2.24.3.jar;E:\JavaWeb\Maven\mvn-repository\org\slf4j\jul-to-slf4j\2.0.16\jul-to-slf4j-2.0.16.jar;E:\JavaWeb\Maven\mvn-repository\jakarta\annotation\jakarta.annotation-api\2.1.1\jakarta.annotation-api-2.1.1.jar;E:\JavaWeb\Maven\mvn-repository\org\yaml\snakeyaml\2.3\snakeyaml-2.3.jar;E:\JavaWeb\Maven\mvn-repository\org\springframework\boot\spring-boot-starter-json\3.4.2\spring-boot-starter-json-3.4.2.jar;E:\JavaWeb\Maven\mvn-repository\com\fasterxml\jackson\datatype\jackson-datatype-jdk8\2.18.2\jackson-datatype-jdk8-2.18.2.jar;E:\JavaWeb\Maven\mvn-repository\com\fasterxml\jackson\datatype\jackson-datatype-jsr310\2.18.2\jackson-datatype-jsr310-2.18.2.jar;E:\JavaWeb\Maven\mvn-repository\com\fasterxml\jackson\module\jackson-module-parameter-names\2.18.2\jackson-module-parameter-names-2.18.2.jar;E:\JavaWeb\Maven\mvn-repository\org\springframework\boot\spring-boot-starter-tomcat\3.4.2\spring-boot-starter-tomcat-3.4.2.jar;E:\JavaWeb\Maven\mvn-repository\org\apache\tomcat\embed\tomcat-embed-core\10.1.34\tomcat-embed-core-10.1.34.jar;E:\JavaWeb\Maven\mvn-repository\org\apache\tomcat\embed\tomcat-embed-el\10.1.34\tomcat-embed-el-10.1.34.jar;E:\JavaWeb\Maven\mvn-repository\org\apache\tomcat\embed\tomcat-embed-websocket\10.1.34\tomcat-embed-websocket-10.1.34.jar;E:\JavaWeb\Maven\mvn-repository\org\springframework\spring-web\6.2.2\spring-web-6.2.2.jar;E:\JavaWeb\Maven\mvn-repository\org\springframework\spring-beans\6.2.2\spring-beans-6.2.2.jar;E:\JavaWeb\Maven\mvn-repository\io\micrometer\micrometer-observation\1.14.3\micrometer-observation-1.14.3.jar;E:\JavaWeb\Maven\mvn-repository\io\micrometer\micrometer-commons\1.14.3\micrometer-commons-1.14.3.jar;E:\JavaWeb\Maven\mvn-repository\org\springframework\spring-webmvc\6.2.2\spring-webmvc-6.2.2.jar;E:\JavaWeb\Maven\mvn-repository\org\springframework\spring-context\6.2.2\spring-context-6.2.2.jar;E:\JavaWeb\Maven\mvn-repository\org\springframework\spring-expression\6.2.2\spring-expression-6.2.2.jar;E:\JavaWeb\Maven\mvn-repository\org\mybatis\spring\boot\mybatis-spring-boot-starter\3.0.4\mybatis-spring-boot-starter-3.0.4.jar;E:\JavaWeb\Maven\mvn-repository\org\springframework\boot\spring-boot-starter-jdbc\3.4.2\spring-boot-starter-jdbc-3.4.2.jar;E:\JavaWeb\Maven\mvn-repository\com\zaxxer\HikariCP\5.1.0\HikariCP-5.1.0.jar;E:\JavaWeb\Maven\mvn-repository\org\springframework\spring-jdbc\6.2.2\spring-jdbc-6.2.2.jar;E:\JavaWeb\Maven\mvn-repository\org\mybatis\spring\boot\mybatis-spring-boot-autoconfigure\3.0.4\mybatis-spring-boot-autoconfigure-3.0.4.jar;E:\JavaWeb\Maven\mvn-repository\org\mybatis\mybatis\3.5.17\mybatis-3.5.17.jar;E:\JavaWeb\Maven\mvn-repository\org\mybatis\mybatis-spring\3.0.4\mybatis-spring-3.0.4.jar;E:\JavaWeb\Maven\mvn-repository\com\baomidou\mybatis-plus-boot-starter\3.5.1\mybatis-plus-boot-starter-3.5.1.jar;E:\JavaWeb\Maven\mvn-repository\com\baomidou\mybatis-plus\3.5.1\mybatis-plus-3.5.1.jar;E:\JavaWeb\Maven\mvn-repository\com\baomidou\mybatis-plus-extension\3.5.1\mybatis-plus-extension-3.5.1.jar;E:\JavaWeb\Maven\mvn-repository\com\baomidou\mybatis-plus-core\3.5.1\mybatis-plus-core-3.5.1.jar;E:\JavaWeb\Maven\mvn-repository\com\baomidou\mybatis-plus-annotation\3.5.1\mybatis-plus-annotation-3.5.1.jar;E:\JavaWeb\Maven\mvn-repository\com\github\jsqlparser\jsqlparser\4.3\jsqlparser-4.3.jar;E:\JavaWeb\Maven\mvn-repository\org\springframework\boot\spring-boot-autoconfigure\3.4.2\spring-boot-autoconfigure-3.4.2.jar;E:\JavaWeb\Maven\mvn-repository\com\mysql\mysql-connector-j\9.1.0\mysql-connector-j-9.1.0.jar;E:\JavaWeb\Maven\mvn-repository\org\springframework\boot\spring-boot-starter-test\3.4.2\spring-boot-starter-test-3.4.2.jar;E:\JavaWeb\Maven\mvn-repository\org\springframework\boot\spring-boot-test\3.4.2\spring-boot-test-3.4.2.jar;E:\JavaWeb\Maven\mvn-repository\org\springframework\boot\spring-boot-test-autoconfigure\3.4.2\spring-boot-test-autoconfigure-3.4.2.jar;E:\JavaWeb\Maven\mvn-repository\com\jayway\jsonpath\json-path\2.9.0\json-path-2.9.0.jar;E:\JavaWeb\Maven\mvn-repository\org\slf4j\slf4j-api\2.0.16\slf4j-api-2.0.16.jar;E:\JavaWeb\Maven\mvn-repository\jakarta\xml\bind\jakarta.xml.bind-api\4.0.2\jakarta.xml.bind-api-4.0.2.jar;E:\JavaWeb\Maven\mvn-repository\jakarta\activation\jakarta.activation-api\2.1.3\jakarta.activation-api-2.1.3.jar;E:\JavaWeb\Maven\mvn-repository\net\minidev\json-smart\2.5.1\json-smart-2.5.1.jar;E:\JavaWeb\Maven\mvn-repository\net\minidev\accessors-smart\2.5.1\accessors-smart-2.5.1.jar;E:\JavaWeb\Maven\mvn-repository\org\ow2\asm\asm\9.6\asm-9.6.jar;E:\JavaWeb\Maven\mvn-repository\org\assertj\assertj-core\3.26.3\assertj-core-3.26.3.jar;E:\JavaWeb\Maven\mvn-repository\net\bytebuddy\byte-buddy\1.15.11\byte-buddy-1.15.11.jar;E:\JavaWeb\Maven\mvn-repository\org\awaitility\awaitility\4.2.2\awaitility-4.2.2.jar;E:\JavaWeb\Maven\mvn-repository\org\hamcrest\hamcrest\2.2\hamcrest-2.2.jar;E:\JavaWeb\Maven\mvn-repository\org\junit\jupiter\junit-jupiter\5.11.4\junit-jupiter-5.11.4.jar;E:\JavaWeb\Maven\mvn-repository\org\junit\jupiter\junit-jupiter-api\5.11.4\junit-jupiter-api-5.11.4.jar;E:\JavaWeb\Maven\mvn-repository\org\opentest4j\opentest4j\1.3.0\opentest4j-1.3.0.jar;E:\JavaWeb\Maven\mvn-repository\org\junit\platform\junit-platform-commons\1.11.4\junit-platform-commons-1.11.4.jar;E:\JavaWeb\Maven\mvn-repository\org\apiguardian\apiguardian-api\1.1.2\apiguardian-api-1.1.2.jar;E:\JavaWeb\Maven\mvn-repository\org\junit\jupiter\junit-jupiter-params\5.11.4\junit-jupiter-params-5.11.4.jar;E:\JavaWeb\Maven\mvn-repository\org\junit\jupiter\junit-jupiter-engine\5.11.4\junit-jupiter-engine-5.11.4.jar;E:\JavaWeb\Maven\mvn-repository\org\junit\platform\junit-platform-engine\1.11.4\junit-platform-engine-1.11.4.jar;E:\JavaWeb\Maven\mvn-repository\org\mockito\mockito-core\5.14.2\mockito-core-5.14.2.jar;E:\JavaWeb\Maven\mvn-repository\net\bytebuddy\byte-buddy-agent\1.15.11\byte-buddy-agent-1.15.11.jar;E:\JavaWeb\Maven\mvn-repository\org\objenesis\objenesis\3.3\objenesis-3.3.jar;E:\JavaWeb\Maven\mvn-repository\org\mockito\mockito-junit-jupiter\5.14.2\mockito-junit-jupiter-5.14.2.jar;E:\JavaWeb\Maven\mvn-repository\org\skyscreamer\jsonassert\1.5.3\jsonassert-1.5.3.jar;E:\JavaWeb\Maven\mvn-repository\com\vaadin\external\google\android-json\0.0.20131108.vaadin1\android-json-0.0.20131108.vaadin1.jar;E:\JavaWeb\Maven\mvn-repository\org\springframework\spring-core\6.2.2\spring-core-6.2.2.jar;E:\JavaWeb\Maven\mvn-repository\org\springframework\spring-jcl\6.2.2\spring-jcl-6.2.2.jar;E:\JavaWeb\Maven\mvn-repository\org\springframework\spring-test\6.2.2\spring-test-6.2.2.jar;E:\JavaWeb\Maven\mvn-repository\org\xmlunit\xmlunit-core\2.10.0\xmlunit-core-2.10.0.jar;E:\JavaWeb\Maven\mvn-repository\org\mybatis\spring\boot\mybatis-spring-boot-starter-test\3.0.4\mybatis-spring-boot-starter-test-3.0.4.jar;E:\JavaWeb\Maven\mvn-repository\org\mybatis\spring\boot\mybatis-spring-boot-test-autoconfigure\3.0.4\mybatis-spring-boot-test-autoconfigure-3.0.4.jar;E:\JavaWeb\Maven\mvn-repository\org\springframework\spring-tx\6.2.2\spring-tx-6.2.2.jar;E:\JavaWeb\Maven\mvn-repository\org\projectlombok\lombok\1.18.36\lombok-1.18.36.jar;E:\JavaWeb\Maven\mvn-repository\org\apache\commons\commons-lang3\3.12.0\commons-lang3-3.12.0.jar;E:\JavaWeb\Maven\mvn-repository\org\springframework\boot\spring-boot-starter-mail\3.4.2\spring-boot-starter-mail-3.4.2.jar;E:\JavaWeb\Maven\mvn-repository\org\springframework\spring-context-support\6.2.2\spring-context-support-6.2.2.jar;E:\JavaWeb\Maven\mvn-repository\org\eclipse\angus\jakarta.mail\2.0.3\jakarta.mail-2.0.3.jar;E:\JavaWeb\Maven\mvn-repository\org\eclipse\angus\angus-activation\2.0.2\angus-activation-2.0.2.jar;E:\JavaWeb\Maven\mvn-repository\org\springframework\boot\spring-boot-starter-data-redis\3.4.2\spring-boot-starter-data-redis-3.4.2.jar;E:\JavaWeb\Maven\mvn-repository\io\lettuce\lettuce-core\6.4.2.RELEASE\lettuce-core-6.4.2.RELEASE.jar;E:\JavaWeb\Maven\mvn-repository\io\netty\netty-common\4.1.117.Final\netty-common-4.1.117.Final.jar;E:\JavaWeb\Maven\mvn-repository\io\netty\netty-handler\4.1.117.Final\netty-handler-4.1.117.Final.jar;E:\JavaWeb\Maven\mvn-repository\io\netty\netty-resolver\4.1.117.Final\netty-resolver-4.1.117.Final.jar;E:\JavaWeb\Maven\mvn-repository\io\netty\netty-buffer\4.1.117.Final\netty-buffer-4.1.117.Final.jar;E:\JavaWeb\Maven\mvn-repository\io\netty\netty-transport-native-unix-common\4.1.117.Final\netty-transport-native-unix-common-4.1.117.Final.jar;E:\JavaWeb\Maven\mvn-repository\io\netty\netty-codec\4.1.117.Final\netty-codec-4.1.117.Final.jar;E:\JavaWeb\Maven\mvn-repository\io\netty\netty-transport\4.1.117.Final\netty-transport-4.1.117.Final.jar;E:\JavaWeb\Maven\mvn-repository\io\projectreactor\reactor-core\3.7.2\reactor-core-3.7.2.jar;E:\JavaWeb\Maven\mvn-repository\org\reactivestreams\reactive-streams\1.0.4\reactive-streams-1.0.4.jar;E:\JavaWeb\Maven\mvn-repository\org\springframework\data\spring-data-redis\3.4.2\spring-data-redis-3.4.2.jar;E:\JavaWeb\Maven\mvn-repository\org\springframework\data\spring-data-keyvalue\3.4.2\spring-data-keyvalue-3.4.2.jar;E:\JavaWeb\Maven\mvn-repository\org\springframework\data\spring-data-commons\3.4.2\spring-data-commons-3.4.2.jar;E:\JavaWeb\Maven\mvn-repository\org\springframework\spring-oxm\6.2.2\spring-oxm-6.2.2.jar;E:\JavaWeb\Maven\mvn-repository\com\auth0\java-jwt\3.10.3\java-jwt-3.10.3.jar;E:\JavaWeb\Maven\mvn-repository\com\fasterxml\jackson\core\jackson-databind\2.18.2\jackson-databind-2.18.2.jar;E:\JavaWeb\Maven\mvn-repository\com\fasterxml\jackson\core\jackson-annotations\2.18.2\jackson-annotations-2.18.2.jar;E:\JavaWeb\Maven\mvn-repository\com\fasterxml\jackson\core\jackson-core\2.18.2\jackson-core-2.18.2.jar;E:\JavaWeb\Maven\mvn-repository\commons-codec\commons-codec\1.17.2\commons-codec-1.17.2.jar;E:\JavaWeb\Maven\mvn-repository\cn\hutool\hutool-all\5.3.7\hutool-all-5.3.7.jar;E:\JavaWeb\Maven\mvn-repository\org\springframework\boot\spring-boot-starter-aop\3.4.2\spring-boot-starter-aop-3.4.2.jar;E:\JavaWeb\Maven\mvn-repository\org\springframework\spring-aop\6.2.2\spring-aop-6.2.2.jar;E:\JavaWeb\Maven\mvn-repository\org\aspectj\aspectjweaver\1.9.22.1\aspectjweaver-1.9.22.1.jar;"/>
    <property name="sun.cpu.endian" value="little"/>
    <property name="user.home" value="C:\Users\陈林涛"/>
    <property name="user.language" value="zh"/>
    <property name="java.specification.vendor" value="Oracle Corporation"/>
    <property name="java.version.date" value="2024-10-15"/>
    <property name="java.home" value="C:\Program Files\Java\jdk-21.0.5"/>
    <property name="file.separator" value="\"/>
    <property name="basedir" value="D:\DeskTop\Red Cross\Red Cross"/>
    <property name="java.vm.compressedOopsMode" value="Zero based"/>
    <property name="line.separator" value="&#10;"/>
    <property name="java.vm.specification.vendor" value="Oracle Corporation"/>
    <property name="java.specification.name" value="Java Platform API Specification"/>
    <property name="FILE_LOG_CHARSET" value="UTF-8"/>
    <property name="java.awt.headless" value="true"/>
    <property name="surefire.real.class.path" value="C:\Users\陈林涛\AppData\Local\Temp\surefire17980599282759590981\surefirebooter-20250419220332421_3.jar"/>
    <property name="user.script" value=""/>
    <property name="sun.management.compiler" value="HotSpot 64-Bit Tiered Compilers"/>
    <property name="java.runtime.version" value="21.0.5+9-LTS-239"/>
    <property name="user.name" value="陈林涛"/>
    <property name="stdout.encoding" value="GBK"/>
    <property name="path.separator" value=";"/>
    <property name="os.version" value="10.0"/>
    <property name="java.runtime.name" value="Java(TM) SE Runtime Environment"/>
    <property name="file.encoding" value="UTF-8"/>
    <property name="FILE_LOG_PATTERN" value="%d{yyyy-MM-dd HH:mm:ss} [%thread] %-5level %logger{36} - %msg%n"/>
    <property name="java.vm.name" value="Java HotSpot(TM) 64-Bit Server VM"/>
    <property name="LOG_FILE" value="/home/redcrossLogs/redcross.log"/>
    <property name="localRepository" value="E:\JavaWeb\Maven\mvn-repository"/>
    <property name="java.vendor.url.bug" value="https://bugreport.java.com/bugreport/"/>
    <property name="java.io.tmpdir" value="C:\Users\陈林涛\AppData\Local\Temp\"/>
    <property name="idea.version" value="2024.3.4"/>
    <property name="java.version" value="21.0.5"/>
    <property name="user.dir" value="D:\DeskTop\Red Cross\Red Cross"/>
    <property name="os.arch" value="amd64"/>
    <property name="java.vm.specification.name" value="Java Virtual Machine Specification"/>
    <property name="PID" value="26732"/>
    <property name="sun.os.patch.level" value=""/>
    <property name="CONSOLE_LOG_CHARSET" value="UTF-8"/>
    <property name="LOGBACK_ROLLINGPOLICY_MAX_HISTORY" value="30"/>
    <property name="native.encoding" value="GBK"/>
    <property name="java.library.path" value="C:\Program Files\Java\jdk-21.0.5\bin;C:\WINDOWS\Sun\Java\bin;C:\WINDOWS\system32;C:\WINDOWS;C:\Program Files (x86)\Common Files\Oracle\Java\java8path;C:\Program Files (x86)\Common Files\Oracle\Java\javapath;C:\WINDOWS\system32;C:\WINDOWS;C:\WINDOWS\System32\Wbem;C:\WINDOWS\System32\WindowsPowerShell\v1.0\;C:\WINDOWS\System32\OpenSSH\;D:\Bandizip;C:\Program Files\Java\jdk-1.8\bin;E:\JavaWeb\Tomcat\apache-tomcat-9.0.88\lib;E:\JavaWeb\Tomcat\apache-tomcat-9.0.88\bin;E:\JavaWeb\Maven\apache-maven-3.9.6\bin;E:\MySQL\MySQL Server 8.0\bin;C:\Program Files\Git\cmd;E:\JavaWeb\Nodejs\;E:\JavaWeb\Nodejs\node_modules\.bin;C:\Program Files\TortoiseGit\bin;D:\HoYoPlay\korepi5.0\dll;E:\微信web开发者工具\dll;E:\Xshell\;C:\Users\陈林涛\AppData\Local\Microsoft\WindowsApps;D:\IntelliJ IDEA 2022.2.5\bin;;C:\Users\陈林涛\AppData\Roaming\npm;E:\VSCode\Microsoft VS Code\bin;."/>
    <property name="java.vm.info" value="mixed mode, sharing"/>
    <property name="stderr.encoding" value="GBK"/>
    <property name="java.vendor" value="Oracle Corporation"/>
    <property name="java.vm.version" value="21.0.5+9-LTS-239"/>
    <property name="sun.io.unicode.encoding" value="UnicodeLittle"/>
    <property name="maven.repo.local" value="E:\JavaWeb\Maven\mvn-repository"/>
    <property name="java.class.version" value="65.0"/>
    <property name="CONSOLE_LOG_PATTERN" value="%d{yyyy-MM-dd HH:mm:ss} [%thread] %-5level %logger{36} - %msg%n"/>
    <property name="LOGGED_APPLICATION_NAME" value="[RedCross] "/>
    <property name="LOGBACK_ROLLINGPOLICY_TOTAL_SIZE_CAP" value="1073741824"/>
  </properties>
  <testcase name="contextLoads" classname="com.example.redcross.RedCrossApplicationTests" time="0.644">
    <system-out><![CDATA[22:03:33.149 [main] INFO org.springframework.test.context.support.AnnotationConfigContextLoaderUtils -- Could not detect default configuration classes for test class [com.example.redcross.RedCrossApplicationTests]: RedCrossApplicationTests does not declare any static, non-private, non-final, nested classes annotated with @Configuration.
22:03:33.262 [main] INFO org.springframework.boot.test.context.SpringBootTestContextBootstrapper -- Found @SpringBootConfiguration com.example.redcross.RedCrossApplication for test class com.example.redcross.RedCrossApplicationTests

  .   ____          _            __ _ _
 /\\ / ___'_ __ _ _(_)_ __  __ _ \ \ \ \
( ( )\___ | '_ | '_| | '_ \/ _` | \ \ \ \
 \\/  ___)| |_)| | | | | || (_| |  ) ) ) )
  '  |____| .__|_| |_|_| |_\__, | / / / /
 =========|_|==============|___/=/_/_/_/

 :: Spring Boot ::                (v3.4.2)

2025-04-19 22:03:33 [main] INFO  c.e.r.RedCrossApplicationTests - Starting RedCrossApplicationTests using Java 21.0.5 with PID 26732 (started by 陈林涛 in D:\DeskTop\Red Cross\Red Cross)
2025-04-19 22:03:33 [main] INFO  c.e.r.RedCrossApplicationTests - No active profile set, falling back to 1 default profile: "default"
2025-04-19 22:03:34 [main] INFO  o.s.d.r.c.RepositoryConfigurationDelegate - Multiple Spring Data modules found, entering strict repository configuration mode
2025-04-19 22:03:34 [main] INFO  o.s.d.r.c.RepositoryConfigurationDelegate - Bootstrapping Spring Data Redis repositories in DEFAULT mode.
2025-04-19 22:03:34 [main] INFO  o.s.d.r.c.RepositoryConfigurationDelegate - Finished Spring Data repository scanning in 11 ms. Found 0 Redis repository interfaces.
2025-04-19 22:03:36 [main] INFO  c.e.r.RedCrossApplicationTests - Started RedCrossApplicationTests in 3.3 seconds (process running for 4.195)
]]></system-out>
    <system-err><![CDATA[Mockito is currently self-attaching to enable the inline-mock-maker. This will no longer work in future releases of the JDK. Please add Mockito as an agent to your build what is described in Mockito's documentation: https://javadoc.io/doc/org.mockito/mockito-core/latest/org/mockito/Mockito.html#0.3
WARNING: A Java agent has been loaded dynamically (E:\JavaWeb\Maven\mvn-repository\net\bytebuddy\byte-buddy-agent\1.15.11\byte-buddy-agent-1.15.11.jar)
WARNING: If a serviceability tool is in use, please run with -XX:+EnableDynamicAgentLoading to hide this warning
WARNING: If a serviceability tool is not in use, please run with -Djdk.instrument.traceUsage for more information
WARNING: Dynamic loading of agents will be disallowed by default in a future release
]]></system-err>
  </testcase>
</testsuite>